<?xml version="1.0" encoding="UTF-8"?>
<testsuite xmlns:xsi="http://www.w3.org/2001/XMLSchema-instance" xsi:noNamespaceSchemaLocation="https://maven.apache.org/surefire/maven-surefire-plugin/xsd/surefire-test-report.xsd" name="com.boning.RuijiwaimaiApplicationTests" time="0.248" tests="1" errors="1" skipped="0" failures="0">
  <properties>
    <property name="sun.desktop" value="windows"/>
    <property name="awt.toolkit" value="sun.awt.windows.WToolkit"/>
    <property name="file.encoding.pkg" value="sun.io"/>
    <property name="java.specification.version" value="1.8"/>
    <property name="sun.cpu.isalist" value="amd64"/>
    <property name="sun.jnu.encoding" value="GBK"/>
    <property name="java.class.path" value="E:\桌面\ruijiwaimai\ruijiwaimai\target\test-classes;E:\桌面\ruijiwaimai\ruijiwaimai\target\classes;E:\Maven\repository\org\springframework\boot\spring-boot-starter\2.7.3\spring-boot-starter-2.7.3.jar;E:\Maven\repository\org\springframework\boot\spring-boot\2.7.3\spring-boot-2.7.3.jar;E:\Maven\repository\org\springframework\spring-context\5.3.22\spring-context-5.3.22.jar;E:\Maven\repository\org\springframework\boot\spring-boot-autoconfigure\2.7.3\spring-boot-autoconfigure-2.7.3.jar;E:\Maven\repository\org\springframework\boot\spring-boot-starter-logging\2.7.3\spring-boot-starter-logging-2.7.3.jar;E:\Maven\repository\ch\qos\logback\logback-classic\1.2.11\logback-classic-1.2.11.jar;E:\Maven\repository\ch\qos\logback\logback-core\1.2.11\logback-core-1.2.11.jar;E:\Maven\repository\org\apache\logging\log4j\log4j-to-slf4j\2.17.2\log4j-to-slf4j-2.17.2.jar;E:\Maven\repository\org\apache\logging\log4j\log4j-api\2.17.2\log4j-api-2.17.2.jar;E:\Maven\repository\org\slf4j\jul-to-slf4j\1.7.36\jul-to-slf4j-1.7.36.jar;E:\Maven\repository\jakarta\annotation\jakarta.annotation-api\1.3.5\jakarta.annotation-api-1.3.5.jar;E:\Maven\repository\org\springframework\spring-core\5.3.22\spring-core-5.3.22.jar;E:\Maven\repository\org\springframework\spring-jcl\5.3.22\spring-jcl-5.3.22.jar;E:\Maven\repository\org\yaml\snakeyaml\1.30\snakeyaml-1.30.jar;E:\Maven\repository\org\springframework\boot\spring-boot-starter-test\2.7.3\spring-boot-starter-test-2.7.3.jar;E:\Maven\repository\org\springframework\boot\spring-boot-test\2.7.3\spring-boot-test-2.7.3.jar;E:\Maven\repository\org\springframework\boot\spring-boot-test-autoconfigure\2.7.3\spring-boot-test-autoconfigure-2.7.3.jar;E:\Maven\repository\com\jayway\jsonpath\json-path\2.7.0\json-path-2.7.0.jar;E:\Maven\repository\net\minidev\json-smart\2.4.8\json-smart-2.4.8.jar;E:\Maven\repository\net\minidev\accessors-smart\2.4.8\accessors-smart-2.4.8.jar;E:\Maven\repository\org\ow2\asm\asm\9.1\asm-9.1.jar;E:\Maven\repository\jakarta\xml\bind\jakarta.xml.bind-api\2.3.3\jakarta.xml.bind-api-2.3.3.jar;E:\Maven\repository\jakarta\activation\jakarta.activation-api\1.2.2\jakarta.activation-api-1.2.2.jar;E:\Maven\repository\org\assertj\assertj-core\3.22.0\assertj-core-3.22.0.jar;E:\Maven\repository\org\hamcrest\hamcrest\2.2\hamcrest-2.2.jar;E:\Maven\repository\org\junit\jupiter\junit-jupiter\5.8.2\junit-jupiter-5.8.2.jar;E:\Maven\repository\org\junit\jupiter\junit-jupiter-api\5.8.2\junit-jupiter-api-5.8.2.jar;E:\Maven\repository\org\opentest4j\opentest4j\1.2.0\opentest4j-1.2.0.jar;E:\Maven\repository\org\junit\platform\junit-platform-commons\1.8.2\junit-platform-commons-1.8.2.jar;E:\Maven\repository\org\apiguardian\apiguardian-api\1.1.2\apiguardian-api-1.1.2.jar;E:\Maven\repository\org\junit\jupiter\junit-jupiter-params\5.8.2\junit-jupiter-params-5.8.2.jar;E:\Maven\repository\org\junit\jupiter\junit-jupiter-engine\5.8.2\junit-jupiter-engine-5.8.2.jar;E:\Maven\repository\org\junit\platform\junit-platform-engine\1.8.2\junit-platform-engine-1.8.2.jar;E:\Maven\repository\org\mockito\mockito-core\4.5.1\mockito-core-4.5.1.jar;E:\Maven\repository\net\bytebuddy\byte-buddy\1.12.13\byte-buddy-1.12.13.jar;E:\Maven\repository\net\bytebuddy\byte-buddy-agent\1.12.13\byte-buddy-agent-1.12.13.jar;E:\Maven\repository\org\objenesis\objenesis\3.2\objenesis-3.2.jar;E:\Maven\repository\org\mockito\mockito-junit-jupiter\4.5.1\mockito-junit-jupiter-4.5.1.jar;E:\Maven\repository\org\skyscreamer\jsonassert\1.5.1\jsonassert-1.5.1.jar;E:\Maven\repository\com\vaadin\external\google\android-json\0.0.20131108.vaadin1\android-json-0.0.20131108.vaadin1.jar;E:\Maven\repository\org\springframework\spring-test\5.3.22\spring-test-5.3.22.jar;E:\Maven\repository\org\xmlunit\xmlunit-core\2.9.0\xmlunit-core-2.9.0.jar;E:\Maven\repository\org\springframework\boot\spring-boot-starter-web\2.7.3\spring-boot-starter-web-2.7.3.jar;E:\Maven\repository\org\springframework\boot\spring-boot-starter-json\2.7.3\spring-boot-starter-json-2.7.3.jar;E:\Maven\repository\com\fasterxml\jackson\core\jackson-databind\2.13.3\jackson-databind-2.13.3.jar;E:\Maven\repository\com\fasterxml\jackson\core\jackson-annotations\2.13.3\jackson-annotations-2.13.3.jar;E:\Maven\repository\com\fasterxml\jackson\core\jackson-core\2.13.3\jackson-core-2.13.3.jar;E:\Maven\repository\com\fasterxml\jackson\datatype\jackson-datatype-jdk8\2.13.3\jackson-datatype-jdk8-2.13.3.jar;E:\Maven\repository\com\fasterxml\jackson\datatype\jackson-datatype-jsr310\2.13.3\jackson-datatype-jsr310-2.13.3.jar;E:\Maven\repository\com\fasterxml\jackson\module\jackson-module-parameter-names\2.13.3\jackson-module-parameter-names-2.13.3.jar;E:\Maven\repository\org\springframework\boot\spring-boot-starter-tomcat\2.7.3\spring-boot-starter-tomcat-2.7.3.jar;E:\Maven\repository\org\apache\tomcat\embed\tomcat-embed-core\9.0.65\tomcat-embed-core-9.0.65.jar;E:\Maven\repository\org\apache\tomcat\embed\tomcat-embed-el\9.0.65\tomcat-embed-el-9.0.65.jar;E:\Maven\repository\org\apache\tomcat\embed\tomcat-embed-websocket\9.0.65\tomcat-embed-websocket-9.0.65.jar;E:\Maven\repository\org\springframework\spring-web\5.3.22\spring-web-5.3.22.jar;E:\Maven\repository\org\springframework\spring-beans\5.3.22\spring-beans-5.3.22.jar;E:\Maven\repository\org\springframework\spring-webmvc\5.3.22\spring-webmvc-5.3.22.jar;E:\Maven\repository\org\springframework\spring-aop\5.3.22\spring-aop-5.3.22.jar;E:\Maven\repository\org\springframework\spring-expression\5.3.22\spring-expression-5.3.22.jar;E:\Maven\repository\com\baomidou\mybatis-plus-boot-starter\3.5.1\mybatis-plus-boot-starter-3.5.1.jar;E:\Maven\repository\com\baomidou\mybatis-plus\3.5.1\mybatis-plus-3.5.1.jar;E:\Maven\repository\com\baomidou\mybatis-plus-extension\3.5.1\mybatis-plus-extension-3.5.1.jar;E:\Maven\repository\com\baomidou\mybatis-plus-core\3.5.1\mybatis-plus-core-3.5.1.jar;E:\Maven\repository\com\baomidou\mybatis-plus-annotation\3.5.1\mybatis-plus-annotation-3.5.1.jar;E:\Maven\repository\com\github\jsqlparser\jsqlparser\4.3\jsqlparser-4.3.jar;E:\Maven\repository\org\mybatis\mybatis\3.5.9\mybatis-3.5.9.jar;E:\Maven\repository\org\mybatis\mybatis-spring\2.0.6\mybatis-spring-2.0.6.jar;E:\Maven\repository\org\springframework\boot\spring-boot-starter-jdbc\2.7.3\spring-boot-starter-jdbc-2.7.3.jar;E:\Maven\repository\com\zaxxer\HikariCP\4.0.3\HikariCP-4.0.3.jar;E:\Maven\repository\org\springframework\spring-jdbc\5.3.22\spring-jdbc-5.3.22.jar;E:\Maven\repository\org\projectlombok\lombok\1.18.24\lombok-1.18.24.jar;E:\Maven\repository\com\alibaba\fastjson\2.0.1\fastjson-2.0.1.jar;E:\Maven\repository\com\alibaba\fastjson2\fastjson2-extension\2.0.1\fastjson2-extension-2.0.1.jar;E:\Maven\repository\com\alibaba\fastjson2\fastjson2\2.0.1\fastjson2-2.0.1.jar;E:\Maven\repository\commons-lang\commons-lang\2.6\commons-lang-2.6.jar;E:\Maven\repository\mysql\mysql-connector-java\8.0.30\mysql-connector-java-8.0.30.jar;E:\Maven\repository\com\alibaba\druid-spring-boot-starter\1.1.23\druid-spring-boot-starter-1.1.23.jar;E:\Maven\repository\com\alibaba\druid\1.1.23\druid-1.1.23.jar;E:\Maven\repository\org\slf4j\slf4j-api\1.7.36\slf4j-api-1.7.36.jar;E:\Maven\repository\org\springframework\boot\spring-boot-starter-mail\2.7.3\spring-boot-starter-mail-2.7.3.jar;E:\Maven\repository\org\springframework\spring-context-support\5.3.22\spring-context-support-5.3.22.jar;E:\Maven\repository\com\sun\mail\jakarta.mail\1.6.7\jakarta.mail-1.6.7.jar;E:\Maven\repository\com\sun\activation\jakarta.activation\1.2.2\jakarta.activation-1.2.2.jar;E:\Maven\repository\org\springframework\boot\spring-boot-starter-thymeleaf\2.7.3\spring-boot-starter-thymeleaf-2.7.3.jar;E:\Maven\repository\org\thymeleaf\thymeleaf-spring5\3.0.15.RELEASE\thymeleaf-spring5-3.0.15.RELEASE.jar;E:\Maven\repository\org\thymeleaf\thymeleaf\3.0.15.RELEASE\thymeleaf-3.0.15.RELEASE.jar;E:\Maven\repository\org\attoparser\attoparser\2.0.5.RELEASE\attoparser-2.0.5.RELEASE.jar;E:\Maven\repository\org\unbescape\unbescape\1.1.6.RELEASE\unbescape-1.1.6.RELEASE.jar;E:\Maven\repository\org\thymeleaf\extras\thymeleaf-extras-java8time\3.0.4.RELEASE\thymeleaf-extras-java8time-3.0.4.RELEASE.jar;E:\Maven\repository\org\springframework\boot\spring-boot-starter-data-redis\2.7.3\spring-boot-starter-data-redis-2.7.3.jar;E:\Maven\repository\org\springframework\data\spring-data-redis\2.7.2\spring-data-redis-2.7.2.jar;E:\Maven\repository\org\springframework\data\spring-data-keyvalue\2.7.2\spring-data-keyvalue-2.7.2.jar;E:\Maven\repository\org\springframework\data\spring-data-commons\2.7.2\spring-data-commons-2.7.2.jar;E:\Maven\repository\org\springframework\spring-tx\5.3.22\spring-tx-5.3.22.jar;E:\Maven\repository\org\springframework\spring-oxm\5.3.22\spring-oxm-5.3.22.jar;E:\Maven\repository\io\lettuce\lettuce-core\6.1.9.RELEASE\lettuce-core-6.1.9.RELEASE.jar;E:\Maven\repository\io\netty\netty-common\4.1.79.Final\netty-common-4.1.79.Final.jar;E:\Maven\repository\io\netty\netty-handler\4.1.79.Final\netty-handler-4.1.79.Final.jar;E:\Maven\repository\io\netty\netty-resolver\4.1.79.Final\netty-resolver-4.1.79.Final.jar;E:\Maven\repository\io\netty\netty-buffer\4.1.79.Final\netty-buffer-4.1.79.Final.jar;E:\Maven\repository\io\netty\netty-transport-native-unix-common\4.1.79.Final\netty-transport-native-unix-common-4.1.79.Final.jar;E:\Maven\repository\io\netty\netty-codec\4.1.79.Final\netty-codec-4.1.79.Final.jar;E:\Maven\repository\io\netty\netty-transport\4.1.79.Final\netty-transport-4.1.79.Final.jar;E:\Maven\repository\io\projectreactor\reactor-core\3.4.22\reactor-core-3.4.22.jar;E:\Maven\repository\org\reactivestreams\reactive-streams\1.0.4\reactive-streams-1.0.4.jar;E:\Maven\repository\org\springframework\boot\spring-boot-starter-cache\2.7.3\spring-boot-starter-cache-2.7.3.jar;E:\Maven\repository\org\apache\shardingsphere\sharding-jdbc-spring-boot-starter\4.0.0-RC1\sharding-jdbc-spring-boot-starter-4.0.0-RC1.jar;E:\Maven\repository\org\apache\shardingsphere\sharding-jdbc-core\4.0.0-RC1\sharding-jdbc-core-4.0.0-RC1.jar;E:\Maven\repository\org\apache\shardingsphere\sharding-core-entry\4.0.0-RC1\sharding-core-entry-4.0.0-RC1.jar;E:\Maven\repository\org\apache\shardingsphere\sharding-core-api\4.0.0-RC1\sharding-core-api-4.0.0-RC1.jar;E:\Maven\repository\org\apache\shardingsphere\sharding-core-common\4.0.0-RC1\sharding-core-common-4.0.0-RC1.jar;E:\Maven\repository\org\codehaus\groovy\groovy\2.4.5\groovy-2.4.5-indy.jar;E:\Maven\repository\commons-codec\commons-codec\1.15\commons-codec-1.15.jar;E:\Maven\repository\org\apache\shardingsphere\sharding-core-parse-common\4.0.0-RC1\sharding-core-parse-common-4.0.0-RC1.jar;E:\Maven\repository\org\apache\shardingsphere\sharding-core-parse-spi\4.0.0-RC1\sharding-core-parse-spi-4.0.0-RC1.jar;E:\Maven\repository\org\apache\commons\commons-collections4\4.2\commons-collections4-4.2.jar;E:\Maven\repository\org\antlr\antlr4-runtime\4.7.1\antlr4-runtime-4.7.1.jar;E:\Maven\repository\org\apache\shardingsphere\sharding-core-parse-mysql\4.0.0-RC1\sharding-core-parse-mysql-4.0.0-RC1.jar;E:\Maven\repository\org\apache\shardingsphere\sharding-core-parse-postgresql\4.0.0-RC1\sharding-core-parse-postgresql-4.0.0-RC1.jar;E:\Maven\repository\org\apache\shardingsphere\sharding-core-parse-oracle\4.0.0-RC1\sharding-core-parse-oracle-4.0.0-RC1.jar;E:\Maven\repository\org\apache\shardingsphere\sharding-core-parse-sqlserver\4.0.0-RC1\sharding-core-parse-sqlserver-4.0.0-RC1.jar;E:\Maven\repository\org\apache\shardingsphere\sharding-core-optimize\4.0.0-RC1\sharding-core-optimize-4.0.0-RC1.jar;E:\Maven\repository\org\apache\shardingsphere\sharding-core-route\4.0.0-RC1\sharding-core-route-4.0.0-RC1.jar;E:\Maven\repository\org\apache\shardingsphere\sharding-core-rewrite\4.0.0-RC1\sharding-core-rewrite-4.0.0-RC1.jar;E:\Maven\repository\org\apache\shardingsphere\sharding-core-execute\4.0.0-RC1\sharding-core-execute-4.0.0-RC1.jar;E:\Maven\repository\org\apache\shardingsphere\sharding-core-merge\4.0.0-RC1\sharding-core-merge-4.0.0-RC1.jar;E:\Maven\repository\org\apache\shardingsphere\sharding-transaction-core\4.0.0-RC1\sharding-transaction-core-4.0.0-RC1.jar;E:\Maven\repository\com\google\guava\guava\18.0\guava-18.0.jar;E:\Maven\repository\org\slf4j\jcl-over-slf4j\1.7.36\jcl-over-slf4j-1.7.36.jar;"/>
    <property name="java.vm.vendor" value="Oracle Corporation"/>
    <property name="sun.arch.data.model" value="64"/>
    <property name="user.variant" value=""/>
    <property name="java.vendor.url" value="http://java.oracle.com/"/>
    <property name="user.timezone" value="Asia/Shanghai"/>
    <property name="java.vm.specification.version" value="1.8"/>
    <property name="os.name" value="Windows 10"/>
    <property name="user.country" value="CN"/>
    <property name="sun.java.launcher" value="SUN_STANDARD"/>
    <property name="sun.boot.library.path" value="C:\Program Files\Java\jdk1.8.0_301\jre\bin"/>
    <property name="sun.java.command" value="C:\Users\10960\AppData\Local\Temp\surefire8519768708834560813\surefirebooter1907367421244601487.jar C:\Users\10960\AppData\Local\Temp\surefire8519768708834560813 2022-09-17T22-04-54_055-jvmRun1 surefire4930858035286140354tmp surefire_04295912292818000546tmp"/>
    <property name="surefire.test.class.path" value="E:\桌面\ruijiwaimai\ruijiwaimai\target\test-classes;E:\桌面\ruijiwaimai\ruijiwaimai\target\classes;E:\Maven\repository\org\springframework\boot\spring-boot-starter\2.7.3\spring-boot-starter-2.7.3.jar;E:\Maven\repository\org\springframework\boot\spring-boot\2.7.3\spring-boot-2.7.3.jar;E:\Maven\repository\org\springframework\spring-context\5.3.22\spring-context-5.3.22.jar;E:\Maven\repository\org\springframework\boot\spring-boot-autoconfigure\2.7.3\spring-boot-autoconfigure-2.7.3.jar;E:\Maven\repository\org\springframework\boot\spring-boot-starter-logging\2.7.3\spring-boot-starter-logging-2.7.3.jar;E:\Maven\repository\ch\qos\logback\logback-classic\1.2.11\logback-classic-1.2.11.jar;E:\Maven\repository\ch\qos\logback\logback-core\1.2.11\logback-core-1.2.11.jar;E:\Maven\repository\org\apache\logging\log4j\log4j-to-slf4j\2.17.2\log4j-to-slf4j-2.17.2.jar;E:\Maven\repository\org\apache\logging\log4j\log4j-api\2.17.2\log4j-api-2.17.2.jar;E:\Maven\repository\org\slf4j\jul-to-slf4j\1.7.36\jul-to-slf4j-1.7.36.jar;E:\Maven\repository\jakarta\annotation\jakarta.annotation-api\1.3.5\jakarta.annotation-api-1.3.5.jar;E:\Maven\repository\org\springframework\spring-core\5.3.22\spring-core-5.3.22.jar;E:\Maven\repository\org\springframework\spring-jcl\5.3.22\spring-jcl-5.3.22.jar;E:\Maven\repository\org\yaml\snakeyaml\1.30\snakeyaml-1.30.jar;E:\Maven\repository\org\springframework\boot\spring-boot-starter-test\2.7.3\spring-boot-starter-test-2.7.3.jar;E:\Maven\repository\org\springframework\boot\spring-boot-test\2.7.3\spring-boot-test-2.7.3.jar;E:\Maven\repository\org\springframework\boot\spring-boot-test-autoconfigure\2.7.3\spring-boot-test-autoconfigure-2.7.3.jar;E:\Maven\repository\com\jayway\jsonpath\json-path\2.7.0\json-path-2.7.0.jar;E:\Maven\repository\net\minidev\json-smart\2.4.8\json-smart-2.4.8.jar;E:\Maven\repository\net\minidev\accessors-smart\2.4.8\accessors-smart-2.4.8.jar;E:\Maven\repository\org\ow2\asm\asm\9.1\asm-9.1.jar;E:\Maven\repository\jakarta\xml\bind\jakarta.xml.bind-api\2.3.3\jakarta.xml.bind-api-2.3.3.jar;E:\Maven\repository\jakarta\activation\jakarta.activation-api\1.2.2\jakarta.activation-api-1.2.2.jar;E:\Maven\repository\org\assertj\assertj-core\3.22.0\assertj-core-3.22.0.jar;E:\Maven\repository\org\hamcrest\hamcrest\2.2\hamcrest-2.2.jar;E:\Maven\repository\org\junit\jupiter\junit-jupiter\5.8.2\junit-jupiter-5.8.2.jar;E:\Maven\repository\org\junit\jupiter\junit-jupiter-api\5.8.2\junit-jupiter-api-5.8.2.jar;E:\Maven\repository\org\opentest4j\opentest4j\1.2.0\opentest4j-1.2.0.jar;E:\Maven\repository\org\junit\platform\junit-platform-commons\1.8.2\junit-platform-commons-1.8.2.jar;E:\Maven\repository\org\apiguardian\apiguardian-api\1.1.2\apiguardian-api-1.1.2.jar;E:\Maven\repository\org\junit\jupiter\junit-jupiter-params\5.8.2\junit-jupiter-params-5.8.2.jar;E:\Maven\repository\org\junit\jupiter\junit-jupiter-engine\5.8.2\junit-jupiter-engine-5.8.2.jar;E:\Maven\repository\org\junit\platform\junit-platform-engine\1.8.2\junit-platform-engine-1.8.2.jar;E:\Maven\repository\org\mockito\mockito-core\4.5.1\mockito-core-4.5.1.jar;E:\Maven\repository\net\bytebuddy\byte-buddy\1.12.13\byte-buddy-1.12.13.jar;E:\Maven\repository\net\bytebuddy\byte-buddy-agent\1.12.13\byte-buddy-agent-1.12.13.jar;E:\Maven\repository\org\objenesis\objenesis\3.2\objenesis-3.2.jar;E:\Maven\repository\org\mockito\mockito-junit-jupiter\4.5.1\mockito-junit-jupiter-4.5.1.jar;E:\Maven\repository\org\skyscreamer\jsonassert\1.5.1\jsonassert-1.5.1.jar;E:\Maven\repository\com\vaadin\external\google\android-json\0.0.20131108.vaadin1\android-json-0.0.20131108.vaadin1.jar;E:\Maven\repository\org\springframework\spring-test\5.3.22\spring-test-5.3.22.jar;E:\Maven\repository\org\xmlunit\xmlunit-core\2.9.0\xmlunit-core-2.9.0.jar;E:\Maven\repository\org\springframework\boot\spring-boot-starter-web\2.7.3\spring-boot-starter-web-2.7.3.jar;E:\Maven\repository\org\springframework\boot\spring-boot-starter-json\2.7.3\spring-boot-starter-json-2.7.3.jar;E:\Maven\repository\com\fasterxml\jackson\core\jackson-databind\2.13.3\jackson-databind-2.13.3.jar;E:\Maven\repository\com\fasterxml\jackson\core\jackson-annotations\2.13.3\jackson-annotations-2.13.3.jar;E:\Maven\repository\com\fasterxml\jackson\core\jackson-core\2.13.3\jackson-core-2.13.3.jar;E:\Maven\repository\com\fasterxml\jackson\datatype\jackson-datatype-jdk8\2.13.3\jackson-datatype-jdk8-2.13.3.jar;E:\Maven\repository\com\fasterxml\jackson\datatype\jackson-datatype-jsr310\2.13.3\jackson-datatype-jsr310-2.13.3.jar;E:\Maven\repository\com\fasterxml\jackson\module\jackson-module-parameter-names\2.13.3\jackson-module-parameter-names-2.13.3.jar;E:\Maven\repository\org\springframework\boot\spring-boot-starter-tomcat\2.7.3\spring-boot-starter-tomcat-2.7.3.jar;E:\Maven\repository\org\apache\tomcat\embed\tomcat-embed-core\9.0.65\tomcat-embed-core-9.0.65.jar;E:\Maven\repository\org\apache\tomcat\embed\tomcat-embed-el\9.0.65\tomcat-embed-el-9.0.65.jar;E:\Maven\repository\org\apache\tomcat\embed\tomcat-embed-websocket\9.0.65\tomcat-embed-websocket-9.0.65.jar;E:\Maven\repository\org\springframework\spring-web\5.3.22\spring-web-5.3.22.jar;E:\Maven\repository\org\springframework\spring-beans\5.3.22\spring-beans-5.3.22.jar;E:\Maven\repository\org\springframework\spring-webmvc\5.3.22\spring-webmvc-5.3.22.jar;E:\Maven\repository\org\springframework\spring-aop\5.3.22\spring-aop-5.3.22.jar;E:\Maven\repository\org\springframework\spring-expression\5.3.22\spring-expression-5.3.22.jar;E:\Maven\repository\com\baomidou\mybatis-plus-boot-starter\3.5.1\mybatis-plus-boot-starter-3.5.1.jar;E:\Maven\repository\com\baomidou\mybatis-plus\3.5.1\mybatis-plus-3.5.1.jar;E:\Maven\repository\com\baomidou\mybatis-plus-extension\3.5.1\mybatis-plus-extension-3.5.1.jar;E:\Maven\repository\com\baomidou\mybatis-plus-core\3.5.1\mybatis-plus-core-3.5.1.jar;E:\Maven\repository\com\baomidou\mybatis-plus-annotation\3.5.1\mybatis-plus-annotation-3.5.1.jar;E:\Maven\repository\com\github\jsqlparser\jsqlparser\4.3\jsqlparser-4.3.jar;E:\Maven\repository\org\mybatis\mybatis\3.5.9\mybatis-3.5.9.jar;E:\Maven\repository\org\mybatis\mybatis-spring\2.0.6\mybatis-spring-2.0.6.jar;E:\Maven\repository\org\springframework\boot\spring-boot-starter-jdbc\2.7.3\spring-boot-starter-jdbc-2.7.3.jar;E:\Maven\repository\com\zaxxer\HikariCP\4.0.3\HikariCP-4.0.3.jar;E:\Maven\repository\org\springframework\spring-jdbc\5.3.22\spring-jdbc-5.3.22.jar;E:\Maven\repository\org\projectlombok\lombok\1.18.24\lombok-1.18.24.jar;E:\Maven\repository\com\alibaba\fastjson\2.0.1\fastjson-2.0.1.jar;E:\Maven\repository\com\alibaba\fastjson2\fastjson2-extension\2.0.1\fastjson2-extension-2.0.1.jar;E:\Maven\repository\com\alibaba\fastjson2\fastjson2\2.0.1\fastjson2-2.0.1.jar;E:\Maven\repository\commons-lang\commons-lang\2.6\commons-lang-2.6.jar;E:\Maven\repository\mysql\mysql-connector-java\8.0.30\mysql-connector-java-8.0.30.jar;E:\Maven\repository\com\alibaba\druid-spring-boot-starter\1.1.23\druid-spring-boot-starter-1.1.23.jar;E:\Maven\repository\com\alibaba\druid\1.1.23\druid-1.1.23.jar;E:\Maven\repository\org\slf4j\slf4j-api\1.7.36\slf4j-api-1.7.36.jar;E:\Maven\repository\org\springframework\boot\spring-boot-starter-mail\2.7.3\spring-boot-starter-mail-2.7.3.jar;E:\Maven\repository\org\springframework\spring-context-support\5.3.22\spring-context-support-5.3.22.jar;E:\Maven\repository\com\sun\mail\jakarta.mail\1.6.7\jakarta.mail-1.6.7.jar;E:\Maven\repository\com\sun\activation\jakarta.activation\1.2.2\jakarta.activation-1.2.2.jar;E:\Maven\repository\org\springframework\boot\spring-boot-starter-thymeleaf\2.7.3\spring-boot-starter-thymeleaf-2.7.3.jar;E:\Maven\repository\org\thymeleaf\thymeleaf-spring5\3.0.15.RELEASE\thymeleaf-spring5-3.0.15.RELEASE.jar;E:\Maven\repository\org\thymeleaf\thymeleaf\3.0.15.RELEASE\thymeleaf-3.0.15.RELEASE.jar;E:\Maven\repository\org\attoparser\attoparser\2.0.5.RELEASE\attoparser-2.0.5.RELEASE.jar;E:\Maven\repository\org\unbescape\unbescape\1.1.6.RELEASE\unbescape-1.1.6.RELEASE.jar;E:\Maven\repository\org\thymeleaf\extras\thymeleaf-extras-java8time\3.0.4.RELEASE\thymeleaf-extras-java8time-3.0.4.RELEASE.jar;E:\Maven\repository\org\springframework\boot\spring-boot-starter-data-redis\2.7.3\spring-boot-starter-data-redis-2.7.3.jar;E:\Maven\repository\org\springframework\data\spring-data-redis\2.7.2\spring-data-redis-2.7.2.jar;E:\Maven\repository\org\springframework\data\spring-data-keyvalue\2.7.2\spring-data-keyvalue-2.7.2.jar;E:\Maven\repository\org\springframework\data\spring-data-commons\2.7.2\spring-data-commons-2.7.2.jar;E:\Maven\repository\org\springframework\spring-tx\5.3.22\spring-tx-5.3.22.jar;E:\Maven\repository\org\springframework\spring-oxm\5.3.22\spring-oxm-5.3.22.jar;E:\Maven\repository\io\lettuce\lettuce-core\6.1.9.RELEASE\lettuce-core-6.1.9.RELEASE.jar;E:\Maven\repository\io\netty\netty-common\4.1.79.Final\netty-common-4.1.79.Final.jar;E:\Maven\repository\io\netty\netty-handler\4.1.79.Final\netty-handler-4.1.79.Final.jar;E:\Maven\repository\io\netty\netty-resolver\4.1.79.Final\netty-resolver-4.1.79.Final.jar;E:\Maven\repository\io\netty\netty-buffer\4.1.79.Final\netty-buffer-4.1.79.Final.jar;E:\Maven\repository\io\netty\netty-transport-native-unix-common\4.1.79.Final\netty-transport-native-unix-common-4.1.79.Final.jar;E:\Maven\repository\io\netty\netty-codec\4.1.79.Final\netty-codec-4.1.79.Final.jar;E:\Maven\repository\io\netty\netty-transport\4.1.79.Final\netty-transport-4.1.79.Final.jar;E:\Maven\repository\io\projectreactor\reactor-core\3.4.22\reactor-core-3.4.22.jar;E:\Maven\repository\org\reactivestreams\reactive-streams\1.0.4\reactive-streams-1.0.4.jar;E:\Maven\repository\org\springframework\boot\spring-boot-starter-cache\2.7.3\spring-boot-starter-cache-2.7.3.jar;E:\Maven\repository\org\apache\shardingsphere\sharding-jdbc-spring-boot-starter\4.0.0-RC1\sharding-jdbc-spring-boot-starter-4.0.0-RC1.jar;E:\Maven\repository\org\apache\shardingsphere\sharding-jdbc-core\4.0.0-RC1\sharding-jdbc-core-4.0.0-RC1.jar;E:\Maven\repository\org\apache\shardingsphere\sharding-core-entry\4.0.0-RC1\sharding-core-entry-4.0.0-RC1.jar;E:\Maven\repository\org\apache\shardingsphere\sharding-core-api\4.0.0-RC1\sharding-core-api-4.0.0-RC1.jar;E:\Maven\repository\org\apache\shardingsphere\sharding-core-common\4.0.0-RC1\sharding-core-common-4.0.0-RC1.jar;E:\Maven\repository\org\codehaus\groovy\groovy\2.4.5\groovy-2.4.5-indy.jar;E:\Maven\repository\commons-codec\commons-codec\1.15\commons-codec-1.15.jar;E:\Maven\repository\org\apache\shardingsphere\sharding-core-parse-common\4.0.0-RC1\sharding-core-parse-common-4.0.0-RC1.jar;E:\Maven\repository\org\apache\shardingsphere\sharding-core-parse-spi\4.0.0-RC1\sharding-core-parse-spi-4.0.0-RC1.jar;E:\Maven\repository\org\apache\commons\commons-collections4\4.2\commons-collections4-4.2.jar;E:\Maven\repository\org\antlr\antlr4-runtime\4.7.1\antlr4-runtime-4.7.1.jar;E:\Maven\repository\org\apache\shardingsphere\sharding-core-parse-mysql\4.0.0-RC1\sharding-core-parse-mysql-4.0.0-RC1.jar;E:\Maven\repository\org\apache\shardingsphere\sharding-core-parse-postgresql\4.0.0-RC1\sharding-core-parse-postgresql-4.0.0-RC1.jar;E:\Maven\repository\org\apache\shardingsphere\sharding-core-parse-oracle\4.0.0-RC1\sharding-core-parse-oracle-4.0.0-RC1.jar;E:\Maven\repository\org\apache\shardingsphere\sharding-core-parse-sqlserver\4.0.0-RC1\sharding-core-parse-sqlserver-4.0.0-RC1.jar;E:\Maven\repository\org\apache\shardingsphere\sharding-core-optimize\4.0.0-RC1\sharding-core-optimize-4.0.0-RC1.jar;E:\Maven\repository\org\apache\shardingsphere\sharding-core-route\4.0.0-RC1\sharding-core-route-4.0.0-RC1.jar;E:\Maven\repository\org\apache\shardingsphere\sharding-core-rewrite\4.0.0-RC1\sharding-core-rewrite-4.0.0-RC1.jar;E:\Maven\repository\org\apache\shardingsphere\sharding-core-execute\4.0.0-RC1\sharding-core-execute-4.0.0-RC1.jar;E:\Maven\repository\org\apache\shardingsphere\sharding-core-merge\4.0.0-RC1\sharding-core-merge-4.0.0-RC1.jar;E:\Maven\repository\org\apache\shardingsphere\sharding-transaction-core\4.0.0-RC1\sharding-transaction-core-4.0.0-RC1.jar;E:\Maven\repository\com\google\guava\guava\18.0\guava-18.0.jar;E:\Maven\repository\org\slf4j\jcl-over-slf4j\1.7.36\jcl-over-slf4j-1.7.36.jar;"/>
    <property name="sun.cpu.endian" value="little"/>
    <property name="user.home" value="C:\Users\10960"/>
    <property name="user.language" value="zh"/>
    <property name="java.specification.vendor" value="Oracle Corporation"/>
    <property name="java.home" value="C:\Program Files\Java\jdk1.8.0_301\jre"/>
    <property name="basedir" value="E:\桌面\ruijiwaimai\ruijiwaimai"/>
    <property name="file.separator" value="\"/>
    <property name="line.separator" value="&#10;"/>
    <property name="java.vm.specification.vendor" value="Oracle Corporation"/>
    <property name="java.specification.name" value="Java Platform API Specification"/>
    <property name="java.awt.graphicsenv" value="sun.awt.Win32GraphicsEnvironment"/>
    <property name="surefire.real.class.path" value="C:\Users\10960\AppData\Local\Temp\surefire8519768708834560813\surefirebooter1907367421244601487.jar"/>
    <property name="sun.boot.class.path" value="C:\Program Files\Java\jdk1.8.0_301\jre\lib\resources.jar;C:\Program Files\Java\jdk1.8.0_301\jre\lib\rt.jar;C:\Program Files\Java\jdk1.8.0_301\jre\lib\sunrsasign.jar;C:\Program Files\Java\jdk1.8.0_301\jre\lib\jsse.jar;C:\Program Files\Java\jdk1.8.0_301\jre\lib\jce.jar;C:\Program Files\Java\jdk1.8.0_301\jre\lib\charsets.jar;C:\Program Files\Java\jdk1.8.0_301\jre\lib\jfr.jar;C:\Program Files\Java\jdk1.8.0_301\jre\classes"/>
    <property name="user.script" value=""/>
    <property name="sun.management.compiler" value="HotSpot 64-Bit Tiered Compilers"/>
    <property name="java.runtime.version" value="1.8.0_301-b09"/>
    <property name="user.name" value="10960"/>
    <property name="path.separator" value=";"/>
    <property name="os.version" value="10.0"/>
    <property name="java.endorsed.dirs" value="C:\Program Files\Java\jdk1.8.0_301\jre\lib\endorsed"/>
    <property name="java.runtime.name" value="Java(TM) SE Runtime Environment"/>
    <property name="file.encoding" value="GBK"/>
    <property name="java.vm.name" value="Java HotSpot(TM) 64-Bit Server VM"/>
    <property name="localRepository" value="E:\Maven\repository"/>
    <property name="java.vendor.url.bug" value="http://bugreport.sun.com/bugreport/"/>
    <property name="java.io.tmpdir" value="C:\Users\10960\AppData\Local\Temp\"/>
    <property name="idea.version" value="2022.1.3"/>
    <property name="java.version" value="1.8.0_301"/>
    <property name="user.dir" value="E:\桌面\ruijiwaimai\ruijiwaimai"/>
    <property name="os.arch" value="amd64"/>
    <property name="java.vm.specification.name" value="Java Virtual Machine Specification"/>
    <property name="java.awt.printerjob" value="sun.awt.windows.WPrinterJob"/>
    <property name="sun.os.patch.level" value=""/>
    <property name="java.library.path" value="C:\Program Files\Java\jdk1.8.0_301\jre\bin;C:\WINDOWS\Sun\Java\bin;C:\WINDOWS\system32;C:\WINDOWS;C:\Program Files (x86)\Common Files\Oracle\Java\javapath;C:\WINDOWS\system32;C:\WINDOWS;C:\WINDOWS\System32\Wbem;C:\WINDOWS\System32\WindowsPowerShell\v1.0\;C:\WINDOWS\System32\OpenSSH\;C:\Program Files\Java\jdk1.8.0_301\bin;C:\Program Files\Java\jdk1.8.0_301\jre\bin;E:\java\php7;E:\Maven\apache-maven-3.6.1\bin;C:\Program Files\Git\cmd;C:\Program Files\nodejs\;F:\新奇工具\微信web开发者工具\dll;C:\Program Files (x86)\Tencent\微信web开发者工具\dll;C:\Program Files\dotnet\;C:\Users\10960\AppData\Local\Microsoft\WindowsApps;;C:\Program Files\JetBrains\IntelliJ IDEA 2022.1.3\bin;;C:\Users\10960\AppData\Local\Programs\Microsoft VS Code\bin;C:\Users\10960\AppData\Roaming\npm;C:\Program Files\JetBrains\WebStorm 2022.2\bin;;."/>
    <property name="java.vm.info" value="mixed mode"/>
    <property name="java.vendor" value="Oracle Corporation"/>
    <property name="java.vm.version" value="25.301-b09"/>
    <property name="java.ext.dirs" value="C:\Program Files\Java\jdk1.8.0_301\jre\lib\ext;C:\WINDOWS\Sun\Java\lib\ext"/>
    <property name="sun.io.unicode.encoding" value="UnicodeLittle"/>
    <property name="maven.repo.local" value="E:\Maven\repository"/>
    <property name="java.class.version" value="52.0"/>
  </properties>
  <testcase name="com.boning.RuijiwaimaiApplicationTests" classname="com.boning.RuijiwaimaiApplicationTests" time="0.247">
    <error message="Unable to find a @SpringBootConfiguration, you need to use @ContextConfiguration or @SpringBootTest(classes=...) with your test" type="java.lang.IllegalStateException">java.lang.IllegalStateException: Unable to find a @SpringBootConfiguration, you need to use @ContextConfiguration or @SpringBootTest(classes=...) with your test
</error>
    <system-out><![CDATA[22:04:55.557 [main] DEBUG org.springframework.test.context.BootstrapUtils - Instantiating CacheAwareContextLoaderDelegate from class [org.springframework.test.context.cache.DefaultCacheAwareContextLoaderDelegate]
22:04:55.570 [main] DEBUG org.springframework.test.context.BootstrapUtils - Instantiating BootstrapContext using constructor [public org.springframework.test.context.support.DefaultBootstrapContext(java.lang.Class,org.springframework.test.context.CacheAwareContextLoaderDelegate)]
22:04:55.603 [main] DEBUG org.springframework.test.context.BootstrapUtils - Instantiating TestContextBootstrapper for test class [com.boning.RuijiwaimaiApplicationTests] from class [org.springframework.boot.test.context.SpringBootTestContextBootstrapper]
22:04:55.614 [main] INFO org.springframework.boot.test.context.SpringBootTestContextBootstrapper - Neither @ContextConfiguration nor @ContextHierarchy found for test class [com.boning.RuijiwaimaiApplicationTests], using SpringBootContextLoader
22:04:55.618 [main] DEBUG org.springframework.test.context.support.AbstractContextLoader - Did not detect default resource location for test class [com.boning.RuijiwaimaiApplicationTests]: class path resource [com/boning/RuijiwaimaiApplicationTests-context.xml] does not exist
22:04:55.619 [main] DEBUG org.springframework.test.context.support.AbstractContextLoader - Did not detect default resource location for test class [com.boning.RuijiwaimaiApplicationTests]: class path resource [com/boning/RuijiwaimaiApplicationTestsContext.groovy] does not exist
22:04:55.620 [main] INFO org.springframework.test.context.support.AbstractContextLoader - Could not detect default resource locations for test class [com.boning.RuijiwaimaiApplicationTests]: no resource found for suffixes {-context.xml, Context.groovy}.
22:04:55.620 [main] INFO org.springframework.test.context.support.AnnotationConfigContextLoaderUtils - Could not detect default configuration classes for test class [com.boning.RuijiwaimaiApplicationTests]: RuijiwaimaiApplicationTests does not declare any static, non-private, non-final, nested classes annotated with @Configuration.
22:04:55.663 [main] DEBUG org.springframework.test.context.support.ActiveProfilesUtils - Could not find an 'annotation declaring class' for annotation type [org.springframework.test.context.ActiveProfiles] and class [com.boning.RuijiwaimaiApplicationTests]
]]></system-out>
  </testcase>
</testsuite>